<?xml version="1.0" encoding="UTF-8"?>
<!-- Generated by org.testng.reporters.JUnitReportReporter -->
<testsuite hostname="abdullah" failures="0" tests="1" name="tests.userModuleProcess.US00015" time="66.966" errors="0" timestamp="2024-05-14T12:21:42 AST" skipped="0">
  <testcase classname="tests.userModuleProcess.US00015" name="asserTheUserExists" time="66.966"/>
</testsuite> <!-- tests.userModuleProcess.US00015 -->
